<?xml version="1.0" encoding="UTF-8"?>
<coverage generated="1757541240520" clover="3.2.0">
  <project timestamp="1757541240520" name="All files">
    <metrics statements="2" coveredstatements="1" conditionals="0" coveredconditionals="0" methods="2" coveredmethods="1" elements="4" coveredelements="2" complexity="0" loc="2" ncloc="2" packages="1" files="2" classes="2"/>
    <file name="_layout.tsx" path="C:\Users\valen\spendee\2025-showgirls-front\spendee\app\_layout.tsx">
      <metrics statements="1" coveredstatements="0" conditionals="0" coveredconditionals="0" methods="1" coveredmethods="0"/>
      <line num="4" count="0" type="stmt"/>
    </file>
    <file name="index.tsx" path="C:\Users\valen\spendee\2025-showgirls-front\spendee\app\index.tsx">
      <metrics statements="1" coveredstatements="1" conditionals="0" coveredconditionals="0" methods="1" coveredmethods="1"/>
      <line num="4" count="1" type="stmt"/>
    </file>
  </project>
</coverage>
