{"C:\\Users\\valen\\spendee\\2025-showgirls-front\\spendee\\app\\_layout.tsx": {"path":"C:\\Users\\valen\\spendee\\2025-showgirls-front\\spendee\\app\\_layout.tsx","statementMap":{"0":{"start":{"line":4,"column":2},"end":{"line":4,"column":19}}},"fnMap":{"0":{"name":"RootLayout","decl":{"start":{"line":3,"column":24},"end":{"line":3,"column":34}},"loc":{"start":{"line":3,"column":37},"end":{"line":5,"column":1}},"line":3}},"branchMap":{},"s":{"0":0},"f":{"0":0},"b":{}}
,"C:\\Users\\valen\\spendee\\2025-showgirls-front\\spendee\\app\\index.tsx": {"path":"C:\\Users\\valen\\spendee\\2025-showgirls-front\\spendee\\app\\index.tsx","statementMap":{"0":{"start":{"line":4,"column":2},"end":{"line":14,"column":3}}},"fnMap":{"0":{"name":"Index","decl":{"start":{"line":3,"column":24},"end":{"line":3,"column":29}},"loc":{"start":{"line":3,"column":32},"end":{"line":15,"column":1}},"line":3}},"branchMap":{},"s":{"0":1},"f":{"0":1},"b":{},"_coverageSchema":"1a1c01bbd47fc00a2c39e90264f33305004495a9","hash":"270b958ba428c02412fe706787e908b853394184"}
}
